<?xml version="1.0" encoding="UTF-8"?>
<!-- Generated by org.testng.reporters.JUnitReportReporter -->
<testsuite skipped="0" hostname="LAPTOP-1J510GMI" name="com.amelia.test.flights.FlightAe" tests="1" failures="0" timestamp="2020-09-03T22:14:52 IST" time="6.729" errors="0">
  <testcase name="oneWayFlightSearch" time="6.729" classname="com.amelia.test.flights.FlightAe"/>
  <system-out/>
</testsuite> <!-- com.amelia.test.flights.FlightAe -->
